{"numFailedTestSuites":0,"numFailedTests":0,"numPassedTestSuites":1,"numPassedTests":12,"numPendingTestSuites":0,"numPendingTests":0,"numRuntimeErrorTestSuites":0,"numTodoTests":0,"numTotalTestSuites":1,"numTotalTests":12,"openHandles":[],"snapshot":{"added":0,"didUpdate":false,"failure":false,"filesAdded":0,"filesRemoved":0,"filesRemovedList":[],"filesUnmatched":0,"filesUpdated":0,"matched":0,"total":0,"unchecked":0,"uncheckedKeysByFile":[],"unmatched":0,"updated":0},"startTime":1777578418591,"success":true,"testResults":[{"assertionResults":[{"ancestorTitles":["TasksService"],"duration":67,"failureDetails":[],"failureMessages":[],"fullName":"TasksService should be defined","invocations":1,"location":null,"numPassingAsserts":1,"retryReasons":[],"status":"passed","title":"should be defined"},{"ancestorTitles":["TasksService"],"duration":27,"failureDetails":[],"failureMessages":[],"fullName":"TasksService redireciona create() para createMicroTask() quando microTaskType estiver definido","invocations":1,"location":null,"numPassingAsserts":2,"retryReasons":[],"status":"passed","title":"redireciona create() para createMicroTask() quando microTaskType estiver definido"},{"ancestorTitles":["TasksService"],"duration":272,"failureDetails":[],"failureMessages":[],"fullName":"TasksService rejeita PERT inválido para micro-task","invocations":1,"location":null,"numPassingAsserts":2,"retryReasons":[],"status":"passed","title":"rejeita PERT inválido para micro-task"},{"ancestorTitles":["TasksService"],"duration":32,"failureDetails":[],"failureMessages":[],"fullName":"TasksService gera checklist automaticamente quando não enviado no payload","invocations":1,"location":null,"numPassingAsserts":3,"retryReasons":[],"status":"passed","title":"gera checklist automaticamente quando não enviado no payload"},{"ancestorTitles":["TasksService"],"duration":15,"failureDetails":[],"failureMessages":[],"fullName":"TasksService rejeita checklist vazio quando autoGenerateChecklist está desabilitado","invocations":1,"location":null,"numPassingAsserts":2,"retryReasons":[],"status":"passed","title":"rejeita checklist vazio quando autoGenerateChecklist está desabilitado"},{"ancestorTitles":["TasksService","validateCompletionRequirements"],"duration":9,"failureDetails":[],"failureMessages":[],"fullName":"TasksService validateCompletionRequirements deve permitir conclusão de tarefa sem checklist","invocations":1,"location":null,"numPassingAsserts":1,"retryReasons":[],"status":"passed","title":"deve permitir conclusão de tarefa sem checklist"},{"ancestorTitles":["TasksService","validateCompletionRequirements"],"duration":17,"failureDetails":[],"failureMessages":[],"fullName":"TasksService validateCompletionRequirements deve rejeitar conclusão quando checklist legado está como string[] (0%)","invocations":1,"location":null,"numPassingAsserts":2,"retryReasons":[],"status":"passed","title":"deve rejeitar conclusão quando checklist legado está como string[] (0%)"},{"ancestorTitles":["TasksService","validateCompletionRequirements"],"duration":7,"failureDetails":[],"failureMessages":[],"fullName":"TasksService validateCompletionRequirements deve rejeitar conclusão com checklist incompleto (50%)","invocations":1,"location":null,"numPassingAsserts":2,"retryReasons":[],"status":"passed","title":"deve rejeitar conclusão com checklist incompleto (50%)"},{"ancestorTitles":["TasksService","validateCompletionRequirements"],"duration":9,"failureDetails":[],"failureMessages":[],"fullName":"TasksService validateCompletionRequirements deve rejeitar ID inválido","invocations":1,"location":null,"numPassingAsserts":2,"retryReasons":[],"status":"passed","title":"deve rejeitar ID inválido"},{"ancestorTitles":["TasksService","updateChecklistItem"],"duration":11,"failureDetails":[],"failureMessages":[],"fullName":"TasksService updateChecklistItem deve atualizar um item específico do checklist","invocations":1,"location":null,"numPassingAsserts":0,"retryReasons":[],"status":"passed","title":"deve atualizar um item específico do checklist"},{"ancestorTitles":["TasksService","updateChecklistItem"],"duration":16,"failureDetails":[],"failureMessages":[],"fullName":"TasksService updateChecklistItem deve rejeitar item index inválido","invocations":1,"location":null,"numPassingAsserts":1,"retryReasons":[],"status":"passed","title":"deve rejeitar item index inválido"},{"ancestorTitles":["TasksService","updateChecklistItem"],"duration":14,"failureDetails":[],"failureMessages":[],"fullName":"TasksService updateChecklistItem deve rejeitar index fora do range","invocations":1,"location":null,"numPassingAsserts":0,"retryReasons":[],"status":"passed","title":"deve rejeitar index fora do range"}],"endTime":1777578475273,"message":"","name":"C:\\Users\\najoa\\Documents\\SecondBrain\\SecondBrain\\Backend\\src\\tasks\\tasks.service.spec.ts","startTime":1777578421393,"status":"passed","summary":""}],"wasInterrupted":false}
